app/build/intermediates/manifest_merge_blame_file/release/manifest-merger-blame-release-report.txt
1<?xml version="1.0" encoding="utf-8"?>
2<manifest xmlns:android="http://schemas.android.com/apk/res/android"
3    package="humer.uvc_camera"
4    android:versionCode="74"
5    android:versionName="1.7.7" >
6
7    <uses-sdk
7-->src/main/AndroidManifest.xml:19:5-21:112
8        android:minSdkVersion="15"
8-->src/main/AndroidManifest.xml:19:5-21:112
9        android:targetSdkVersion="27" />
9-->src/main/AndroidManifest.xml:20:9-38
10
11    <uses-permission android:name="android.permission.WRITE_EXTERNAL_STORAGE" />
11-->src/main/AndroidManifest.xml:5:5-80
11-->src/main/AndroidManifest.xml:5:22-78
12    <uses-permission android:name="android.permission.STORAGE" />
12-->src/main/AndroidManifest.xml:6:5-66
12-->src/main/AndroidManifest.xml:6:22-63
13    <uses-permission android:name="android.permission.READ_EXTERNAL_STORAGE" />
13-->src/main/AndroidManifest.xml:7:5-80
13-->src/main/AndroidManifest.xml:7:22-77
14    <uses-permission android:name="android.permission.USB_PERMISSION" />
14-->src/main/AndroidManifest.xml:8:5-73
14-->src/main/AndroidManifest.xml:8:22-70
15    <uses-permission android:name="android.permission.CAMERA" />
15-->src/main/AndroidManifest.xml:9:5-65
15-->src/main/AndroidManifest.xml:9:22-62
16    <uses-permission android:name="android.permission.MODIFY_AUDIO_SETTINGS" />
16-->src/main/AndroidManifest.xml:10:5-80
16-->src/main/AndroidManifest.xml:10:22-77
17    <uses-permission android:name="android.permission.RECORD_AUDIO" />
17-->src/main/AndroidManifest.xml:11:5-71
17-->src/main/AndroidManifest.xml:11:22-68
18    <uses-permission android:name="android.permission.CHANGE_NETWORK_STATE" />
18-->src/main/AndroidManifest.xml:12:5-79
18-->src/main/AndroidManifest.xml:12:22-76
19    <uses-permission android:name="android.permission.INTERNET" />
19-->src/main/AndroidManifest.xml:13:5-67
19-->src/main/AndroidManifest.xml:13:22-64
20    <uses-permission android:name="android.permission.ACCESS_NETWORK_STATE" />
20-->src/main/AndroidManifest.xml:14:5-79
20-->src/main/AndroidManifest.xml:14:22-76
21
22    <uses-feature
22-->src/main/AndroidManifest.xml:16:5-84
23        android:name="android.hardware.camera"
23-->src/main/AndroidManifest.xml:16:19-57
24        android:required="false" />
24-->src/main/AndroidManifest.xml:16:58-82
25    <uses-feature android:name="android.hardware.usb.host" />
25-->src/main/AndroidManifest.xml:17:5-62
25-->src/main/AndroidManifest.xml:17:19-59
26
27    <application
27-->src/main/AndroidManifest.xml:23:5-89:19
28        android:allowBackup="true"
28-->src/main/AndroidManifest.xml:25:9-35
29        android:debuggable="true"
30        android:icon="@mipmap/ic_launcher"
30-->src/main/AndroidManifest.xml:26:9-43
31        android:label="@string/app_name"
31-->src/main/AndroidManifest.xml:27:9-41
32        android:largeHeap="true"
32-->src/main/AndroidManifest.xml:29:9-33
33        android:roundIcon="@mipmap/ic_launcher_round"
33-->src/main/AndroidManifest.xml:28:9-54
34        android:supportsRtl="true"
34-->src/main/AndroidManifest.xml:30:9-35
35        android:theme="@style/Theme.AppCompat.Light.NoActionBar" >
35-->src/main/AndroidManifest.xml:24:9-65
36        <activity android:name="humer.UvcCamera.Main" >
36-->src/main/AndroidManifest.xml:31:9-41:20
36-->src/main/AndroidManifest.xml:31:19-54
37            <intent-filter>
37-->src/main/AndroidManifest.xml:32:13-34:29
38                <action android:name="android.hardware.usb.action.USB_DEVICE_ATTACHED" />
38-->src/main/AndroidManifest.xml:33:17-89
38-->src/main/AndroidManifest.xml:33:25-87
39            </intent-filter>
40
41            <meta-data
41-->src/main/AndroidManifest.xml:35:13-126
42                android:name="android.hardware.usb.action.USB_DEVICE_ATTACHED"
42-->src/main/AndroidManifest.xml:35:24-86
43                android:resource="@xml/device_filter" />
43-->src/main/AndroidManifest.xml:35:87-124
44
45            <intent-filter>
45-->src/main/AndroidManifest.xml:36:13-39:29
46                <action android:name="android.intent.action.MAIN" />
46-->src/main/AndroidManifest.xml:37:17-69
46-->src/main/AndroidManifest.xml:37:25-66
47
48                <category android:name="android.intent.category.LAUNCHER" />
48-->src/main/AndroidManifest.xml:38:17-77
48-->src/main/AndroidManifest.xml:38:27-74
49            </intent-filter>
50        </activity>
51        <activity android:name="humer.UvcCamera.PrivacyPolicyActivity" >
51-->src/main/AndroidManifest.xml:42:9-43:20
51-->src/main/AndroidManifest.xml:42:19-71
52        </activity>
53        <activity android:name="humer.UvcCamera.ReadMeActivity" >
53-->src/main/AndroidManifest.xml:44:9-45:20
53-->src/main/AndroidManifest.xml:44:19-64
54        </activity>
55        <activity android:name="humer.UvcCamera.StartIsoStreamActivity" >
55-->src/main/AndroidManifest.xml:46:9-52:20
55-->src/main/AndroidManifest.xml:46:19-72
56            <intent-filter>
56-->src/main/AndroidManifest.xml:47:13-51:29
57                <category android:name="android.intent.category.LAUNCHER" />
57-->src/main/AndroidManifest.xml:38:17-77
57-->src/main/AndroidManifest.xml:38:27-74
58
59                <action android:name="android.hardware.usb.action.USB_DEVICE_ATTACHED" />
59-->src/main/AndroidManifest.xml:33:17-89
59-->src/main/AndroidManifest.xml:33:25-87
60                <action android:name="android.hardware.usb.action.USB_DEVICE_DETACHED" />
60-->src/main/AndroidManifest.xml:50:17-90
60-->src/main/AndroidManifest.xml:50:25-87
61            </intent-filter>
62        </activity>
63        <activity android:name="humer.UvcCamera.SetUpTheUsbDevice" >
63-->src/main/AndroidManifest.xml:53:9-59:20
63-->src/main/AndroidManifest.xml:53:19-67
64            <intent-filter>
64-->src/main/AndroidManifest.xml:47:13-51:29
65                <category android:name="android.intent.category.LAUNCHER" />
65-->src/main/AndroidManifest.xml:38:17-77
65-->src/main/AndroidManifest.xml:38:27-74
66
67                <action android:name="android.hardware.usb.action.USB_DEVICE_ATTACHED" />
67-->src/main/AndroidManifest.xml:33:17-89
67-->src/main/AndroidManifest.xml:33:25-87
68                <action android:name="android.hardware.usb.action.USB_DEVICE_DETACHED" />
68-->src/main/AndroidManifest.xml:50:17-90
68-->src/main/AndroidManifest.xml:50:25-87
69            </intent-filter>
70        </activity>
71        <activity
71-->src/main/AndroidManifest.xml:60:9-66:20
72            android:name="humer.UvcCamera.AutomaticDetection.LibUsb_AutoDetect"
72-->src/main/AndroidManifest.xml:60:19-86
73            android:theme="@style/Theme.Transparent" >
73-->src/main/AndroidManifest.xml:60:87-127
74            <intent-filter>
74-->src/main/AndroidManifest.xml:47:13-51:29
75                <category android:name="android.intent.category.LAUNCHER" />
75-->src/main/AndroidManifest.xml:38:17-77
75-->src/main/AndroidManifest.xml:38:27-74
76
77                <action android:name="android.hardware.usb.action.USB_DEVICE_ATTACHED" />
77-->src/main/AndroidManifest.xml:33:17-89
77-->src/main/AndroidManifest.xml:33:25-87
78                <action android:name="android.hardware.usb.action.USB_DEVICE_DETACHED" />
78-->src/main/AndroidManifest.xml:50:17-90
78-->src/main/AndroidManifest.xml:50:25-87
79            </intent-filter>
80        </activity>
81        <activity
81-->src/main/AndroidManifest.xml:67:9-73:20
82            android:name="humer.UvcCamera.AutomaticDetection.Jna_AutoDetect"
82-->src/main/AndroidManifest.xml:67:19-83
83            android:theme="@style/Theme.Transparent" >
83-->src/main/AndroidManifest.xml:67:84-124
84            <intent-filter>
84-->src/main/AndroidManifest.xml:47:13-51:29
85                <category android:name="android.intent.category.LAUNCHER" />
85-->src/main/AndroidManifest.xml:38:17-77
85-->src/main/AndroidManifest.xml:38:27-74
86
87                <action android:name="android.hardware.usb.action.USB_DEVICE_ATTACHED" />
87-->src/main/AndroidManifest.xml:33:17-89
87-->src/main/AndroidManifest.xml:33:25-87
88                <action android:name="android.hardware.usb.action.USB_DEVICE_DETACHED" />
88-->src/main/AndroidManifest.xml:50:17-90
88-->src/main/AndroidManifest.xml:50:25-87
89            </intent-filter>
90        </activity>
91        <activity
91-->src/main/AndroidManifest.xml:74:9-81:55
92            android:name="com.example.androidthings.videortc.CallActivity"
92-->src/main/AndroidManifest.xml:75:13-75
93            android:configChanges="orientation|screenSize"
93-->src/main/AndroidManifest.xml:76:13-59
94            android:hardwareAccelerated="true"
94-->src/main/AndroidManifest.xml:77:13-47
95            android:label="@string/app_name"
95-->src/main/AndroidManifest.xml:78:13-45
96            android:launchMode="singleInstance"
96-->src/main/AndroidManifest.xml:79:13-48
97            android:screenOrientation="fullUser"
97-->src/main/AndroidManifest.xml:80:13-49
98            android:theme="@style/CallActivityTheme" />
98-->src/main/AndroidManifest.xml:81:13-53
99        <activity android:name="com.example.androidthings.videortc.WebRtc_MainActivity" >
99-->src/main/AndroidManifest.xml:82:9-83:20
99-->src/main/AndroidManifest.xml:82:19-88
100        </activity>
101
102        <service android:name="humer.UvcCamera.LibUsb.StartIsoStreamService" >
102-->src/main/AndroidManifest.xml:84:9-85:19
102-->src/main/AndroidManifest.xml:84:18-77
103        </service>
104        <service android:name="com.example.androidthings.videortc.WebRtcService" >
104-->src/main/AndroidManifest.xml:86:9-87:19
104-->src/main/AndroidManifest.xml:86:18-81
105        </service>
106
107        <meta-data
107-->[com.android.support:design:26.1.0] AndroidManifest.xml:26:9-28:38
108            android:name="android.support.VERSION"
108-->[com.android.support:design:26.1.0] AndroidManifest.xml:27:13-51
109            android:value="26.1.0" />
109-->[com.android.support:design:26.1.0] AndroidManifest.xml:28:13-35
110
111        <activity
111-->[com.akexorcist:localizationactivity:1.2.2] AndroidManifest.xml:12:9-14:69
112            android:name="com.akexorcist.localizationactivity.ui.BlankDummyActivity"
112-->[com.akexorcist:localizationactivity:1.2.2] AndroidManifest.xml:13:13-85
113            android:theme="@android:style/Theme.Black.NoTitleBar" />
113-->[com.akexorcist:localizationactivity:1.2.2] AndroidManifest.xml:14:13-66
114
115        <meta-data
115-->[android.arch.lifecycle:runtime:1.0.0] AndroidManifest.xml:25:9-27:47
116            android:name="android.arch.lifecycle.VERSION"
116-->[android.arch.lifecycle:runtime:1.0.0] AndroidManifest.xml:26:13-58
117            android:value="27.0.0-SNAPSHOT" />
117-->[android.arch.lifecycle:runtime:1.0.0] AndroidManifest.xml:27:13-44
118    </application>
119
120</manifest>